{"/Users/machd/Documents/GitHub/homely-recipes/src/functions/sum.js": {"path":"/Users/machd/Documents/GitHub/homely-recipes/src/functions/sum.js","statementMap":{"0":{"start":{"line":8,"column":2},"end":{"line":8,"column":15}},"1":{"start":{"line":10,"column":0},"end":{"line":10,"column":21}}},"fnMap":{"0":{"name":"sum","decl":{"start":{"line":7,"column":9},"end":{"line":7,"column":12}},"loc":{"start":{"line":7,"column":19},"end":{"line":9,"column":1}},"line":7}},"branchMap":{},"s":{"0":1,"1":1},"f":{"0":1},"b":{},"_coverageSchema":"1a1c01bbd47fc00a2c39e90264f33305004495a9","hash":"2fe030793d459a81675268ac9e48c9ef0716c9f4"}
,"/Users/machd/Documents/GitHub/homely-recipes/test/sum.js": {"path":"/Users/machd/Documents/GitHub/homely-recipes/test/sum.js","statementMap":{"0":{"start":{"line":8,"column":2},"end":{"line":8,"column":15}},"1":{"start":{"line":10,"column":0},"end":{"line":10,"column":21}}},"fnMap":{"0":{"name":"sum","decl":{"start":{"line":7,"column":9},"end":{"line":7,"column":12}},"loc":{"start":{"line":7,"column":19},"end":{"line":9,"column":1}},"line":7}},"branchMap":{},"s":{"0":1,"1":1},"f":{"0":1},"b":{},"_coverageSchema":"1a1c01bbd47fc00a2c39e90264f33305004495a9","hash":"4829b013fe93d702b86b576e89125b411d7bae90"}
}
